[0913/152927.051:WARNING:minidump_to_upload_parameters.cc(66)] duplicate annotation name plat, discarding value Win64
[0913/152927.128:WARNING:minidump_to_upload_parameters.cc(66)] duplicate annotation name prod, discarding value OperaDesktop
[0913/152927.128:WARNING:minidump_to_upload_parameters.cc(66)] duplicate annotation name ver, discarding value 55.0.2994.56
[0913/152927.128:WARNING:minidump_to_upload_parameters.cc(66)] duplicate annotation name channel, discarding value Stable
[0913/152927.128:WARNING:minidump_to_upload_parameters.cc(66)] duplicate annotation name ptype, discarding value renderer
[0913/155319.634:ERROR:autoupdatechecker.cc(156)] Unable to prepare update checker runtime.
[0913/172110.238:ERROR:autoupdatechecker.cc(156)] Unable to prepare update checker runtime.
[0913/172344.720:ERROR:autoupdatechecker.cc(156)] Unable to prepare update checker runtime.
[0913/173121.474:ERROR:autoupdatechecker.cc(156)] Unable to prepare update checker runtime.
[0913/174446.753:WARNING:minidump_to_upload_parameters.cc(66)] duplicate annotation name plat, discarding value Win64
[0913/174446.931:WARNING:minidump_to_upload_parameters.cc(66)] duplicate annotation name prod, discarding value OperaDesktop
[0913/174446.931:WARNING:minidump_to_upload_parameters.cc(66)] duplicate annotation name ver, discarding value 55.0.2994.56
[0913/174446.931:WARNING:minidump_to_upload_parameters.cc(66)] duplicate annotation name channel, discarding value Stable
[0913/174446.931:WARNING:minidump_to_upload_parameters.cc(66)] duplicate annotation name ptype, discarding value renderer
[0913/174503.470:ERROR:process_info.cc(360)] UncheckedAllocate
[0913/174503.511:WARNING:minidump_to_upload_parameters.cc(66)] duplicate annotation name plat, discarding value Win64
[0913/174503.511:WARNING:minidump_to_upload_parameters.cc(66)] duplicate annotation name prod, discarding value OperaDesktop
[0913/174503.511:WARNING:minidump_to_upload_parameters.cc(66)] duplicate annotation name ver, discarding value 55.0.2994.56
[0913/174503.511:WARNING:minidump_to_upload_parameters.cc(66)] duplicate annotation name channel, discarding value Stable
[0913/174503.511:WARNING:minidump_to_upload_parameters.cc(66)] duplicate annotation name ptype, discarding value renderer
[0913/174600.269:ERROR:autoupdatechecker.cc(156)] Unable to prepare update checker runtime.
[0913/175020.541:ERROR:autoupdatechecker.cc(156)] Unable to prepare update checker runtime.
[0913/175154.721:ERROR:autoupdatechecker.cc(156)] Unable to prepare update checker runtime.
[0913/194347.669:ERROR:autoupdatechecker.cc(156)] Unable to prepare update checker runtime.
[0913/224014.476:WARNING:minidump_to_upload_parameters.cc(66)] duplicate annotation name plat, discarding value Win64
[0913/224015.167:WARNING:minidump_to_upload_parameters.cc(66)] duplicate annotation name prod, discarding value OperaDesktop
[0913/224015.167:WARNING:minidump_to_upload_parameters.cc(66)] duplicate annotation name ver, discarding value 55.0.2994.56
[0913/224015.167:WARNING:minidump_to_upload_parameters.cc(66)] duplicate annotation name channel, discarding value Stable
[0913/224015.167:WARNING:minidump_to_upload_parameters.cc(66)] duplicate annotation name ptype, discarding value renderer
[0913/224908.149:WARNING:minidump_to_upload_parameters.cc(66)] duplicate annotation name plat, discarding value Win64
[0913/224908.150:WARNING:minidump_to_upload_parameters.cc(66)] duplicate annotation name prod, discarding value OperaDesktop
[0913/224908.150:WARNING:minidump_to_upload_parameters.cc(66)] duplicate annotation name ver, discarding value 55.0.2994.56
[0913/224908.150:WARNING:minidump_to_upload_parameters.cc(66)] duplicate annotation name channel, discarding value Stable
[0913/224908.150:WARNING:minidump_to_upload_parameters.cc(66)] duplicate annotation name ptype, discarding value renderer
[0913/224911.787:ERROR:autoupdatechecker.cc(156)] Unable to prepare update checker runtime.
